<?xml version="1.0" encoding="UTF-8"?>
<!-- Generated by org.testng.reporters.JUnitReportReporter -->
<testsuite hostname="DESKTOP-JQHDF31" failures="0" tests="7" name="com.testNGZ.ZohoTest" time="88.472" errors="0" timestamp="2022-11-17T11:28:18 IST" skipped="1">
  <testcase classname="com.testNGZ.ZohoTest" name="browserLaunch" time="49.821"/>
  <system-out/>
  <testcase classname="com.testNGZ.ZohoTest" name="getUrl" time="29.060"/>
  <system-out/>
  <testcase classname="com.testNGZ.ZohoTest" name="signupButton" time="8.547"/>
  <system-out/>
  <testcase classname="com.testNGZ.ZohoTest" name="loginDetails" time="0.739"/>
  <system-out/>
  <testcase classname="com.testNGZ.ZohoTest" name="clickIagree" time="0.138"/>
  <system-out/>
  <testcase classname="com.testNGZ.ZohoTest" name="signIn" time="0.167"/>
  <system-out/>
  <testcase classname="com.testNGZ.ZohoTest" name="takeScreenshot">
    <skipped/>
  </testcase> <!-- takeScreenshot -->
  <system-out/>
</testsuite> <!-- com.testNGZ.ZohoTest -->
